<?xml version="1.0" encoding="utf-8"?><testsuites name="pytest tests"><testsuite name="pytest" errors="0" failures="1" skipped="0" tests="6" time="1.075" timestamp="2026-08-04T07:43:47.663657+00:00" hostname="agent-env-f9e57c31-88d8-4001-970d-93531fa85a34"><testcase classname="backend.tests.test_startup_and_core" name="test_api_root_reachable" time="0.228" /><testcase classname="backend.tests.test_startup_and_core" name="test_admin_login_and_me" time="0.312" /><testcase classname="backend.tests.test_startup_and_core" name="test_events_list" time="0.047" /><testcase classname="backend.tests.test_startup_and_core" name="test_notices_list" time="0.045" /><testcase classname="backend.tests.test_startup_and_core" name="test_cadet_login" time="0.311" /><testcase classname="backend.tests.test_startup_and_core" name="test_public_enquiry_submission" time="0.048"><failure message="AssertionError: /enquiries failed: 422 {&quot;detail&quot;:[{&quot;type&quot;:&quot;missing&quot;,&quot;loc&quot;:[&quot;body&quot;,&quot;enquiry_type&quot;],&quot;msg&quot;:&quot;Field required&quot;,&quot;input&quot;:{&quot;name&quot;:&quot;TEST Smoke Enquiry&quot;,&quot;email&quot;:&quot;test_b94fdb64@example.com&quot;,&quot;phone&quot;:&quot;07000000000&quot;,&quot;subject&quot;:&quot;Test enquiry&quot;,&quot;message&quot;:&quot;This is an automated smoke test enquiry post-startup fix.&quot;},&quot;url&quot;:&quot;https://errors.pydantic.dev/2.13/v/missing&quot;},{&quot;type&quot;:&quot;missing&quot;,&quot;loc&quot;:[&quot;body&quot;,&quot;consent&quot;],&quot;msg&quot;:&quot;Field required&quot;,&quot;input&quot;:{&#10;assert 422 &lt; 400&#10; +  where 422 = &lt;Response [422]&gt;.status_code">backend/tests/test_startup_and_core.py:97: in test_public_enquiry_submission
    assert r.status_code &lt; 400, f"/enquiries failed: {r.status_code} {r.text[:400]}"
E   AssertionError: /enquiries failed: 422 {"detail":[{"type":"missing","loc":["body","enquiry_type"],"msg":"Field required","input":{"name":"TEST Smoke Enquiry","email":"test_b94fdb64@example.com","phone":"07000000000","subject":"Test enquiry","message":"This is an automated smoke test enquiry post-startup fix."},"url":"https://errors.pydantic.dev/2.13/v/missing"},{"type":"missing","loc":["body","consent"],"msg":"Field required","input":{
E   assert 422 &lt; 400
E    +  where 422 = &lt;Response [422]&gt;.status_code</failure></testcase></testsuite></testsuites>