<?xml version="1.0" encoding="utf-8"?><testsuites name="pytest tests"><testsuite name="pytest" errors="0" failures="0" skipped="0" tests="12" time="5.990" timestamp="2026-07-14T10:08:01.603597+00:00" hostname="agent-env-f9e57c31-88d8-4001-970d-93531fa85a34"><testcase classname="backend.tests.test_recruit_email.TestTracker" name="test_tracker_returns_buckets_with_eligible_date" time="2.075" /><testcase classname="backend.tests.test_recruit_email.TestPerProspectEmail" name="test_joining_email_now_bucket" time="0.433" /><testcase classname="backend.tests.test_recruit_email.TestPerProspectEmail" name="test_countdown_email_september_bucket" time="0.338" /><testcase classname="backend.tests.test_recruit_email.TestPerProspectEmail" name="test_countdown_email_future_bucket_with_dob" time="0.308" /><testcase classname="backend.tests.test_recruit_email.TestPerProspectEmail" name="test_countdown_no_dob_returns_400" time="0.132" /><testcase classname="backend.tests.test_recruit_email.TestPerProspectEmail" name="test_recruit_email_requires_staff" time="0.139" /><testcase classname="backend.tests.test_recruit_email.TestPerProspectEmail" name="test_recruit_email_unknown_enquiry_404" time="0.128" /><testcase classname="backend.tests.test_recruit_email.TestBulkEmail" name="test_bulk_joining_now" time="0.505" /><testcase classname="backend.tests.test_recruit_email.TestBulkEmail" name="test_bulk_countdown_september" time="0.508" /><testcase classname="backend.tests.test_recruit_email.TestBulkEmail" name="test_bulk_countdown_future_skips_no_dob" time="0.497" /><testcase classname="backend.tests.test_recruit_email.TestBulkEmail" name="test_bulk_invalid_bucket_400" time="0.158" /><testcase classname="backend.tests.test_recruit_email.TestBulkEmail" name="test_bulk_requires_staff" time="0.682" /></testsuite></testsuites>