<?xml version="1.0" encoding="utf-8"?><testsuites name="pytest tests"><testsuite name="pytest" errors="0" failures="0" skipped="0" tests="31" time="6.020" timestamp="2026-07-14T11:09:52.251022+00:00" hostname="agent-env-f9e57c31-88d8-4001-970d-93531fa85a34"><testcase classname="backend.tests.test_documents_blogs_calendar.TestDocuments" name="test_login_admin" time="0.429" /><testcase classname="backend.tests.test_documents_blogs_calendar.TestDocuments" name="test_upload_document_visible_to_cadet" time="0.283" /><testcase classname="backend.tests.test_documents_blogs_calendar.TestDocuments" name="test_upload_document_visible_to_parent_only" time="0.136" /><testcase classname="backend.tests.test_documents_blogs_calendar.TestDocuments" name="test_upload_document_staff_only" time="0.145" /><testcase classname="backend.tests.test_documents_blogs_calendar.TestDocuments" name="test_library_for_cadet_includes_cadet_doc_only" time="0.486" /><testcase classname="backend.tests.test_documents_blogs_calendar.TestDocuments" name="test_library_for_parent_includes_parent_doc" time="0.479" /><testcase classname="backend.tests.test_documents_blogs_calendar.TestDocuments" name="test_download_public" time="0.135" /><testcase classname="backend.tests.test_documents_blogs_calendar.TestDocuments" name="test_patch_document_updates_roles" time="0.133" /><testcase classname="backend.tests.test_documents_blogs_calendar.TestDocuments" name="test_send_document_to_parents_creates_notifications" time="0.400" /><testcase classname="backend.tests.test_documents_blogs_calendar.TestDocuments" name="test_send_document_missing_recipients_returns_400" time="0.133" /><testcase classname="backend.tests.test_documents_blogs_calendar.TestDocuments" name="test_cadet_cannot_upload" time="0.133" /><testcase classname="backend.tests.test_documents_blogs_calendar.TestDocuments" name="test_delete_documents_cleanup" time="0.526" /><testcase classname="backend.tests.test_documents_blogs_calendar.TestBlogs" name="test_create_published_post" time="0.134" /><testcase classname="backend.tests.test_documents_blogs_calendar.TestBlogs" name="test_create_draft_post" time="0.096" /><testcase classname="backend.tests.test_documents_blogs_calendar.TestBlogs" name="test_public_list_hides_draft" time="0.095" /><testcase classname="backend.tests.test_documents_blogs_calendar.TestBlogs" name="test_public_detail_returns_published" time="0.094" /><testcase classname="backend.tests.test_documents_blogs_calendar.TestBlogs" name="test_public_detail_draft_returns_404" time="0.098" /><testcase classname="backend.tests.test_documents_blogs_calendar.TestBlogs" name="test_patch_publish_draft" time="0.100" /><testcase classname="backend.tests.test_documents_blogs_calendar.TestBlogs" name="test_cadet_cannot_create_blog" time="0.106" /><testcase classname="backend.tests.test_documents_blogs_calendar.TestBlogs" name="test_delete_blogs_cleanup" time="0.201" /><testcase classname="backend.tests.test_documents_blogs_calendar.TestCalendar" name="test_ics_feed_is_valid" time="0.102" /><testcase classname="backend.tests.test_documents_blogs_calendar.TestCalendar" name="test_import_docx_preview" time="0.188" /><testcase classname="backend.tests.test_documents_blogs_calendar.TestCalendar" name="test_import_events_bulk_create" time="0.199" /><testcase classname="backend.tests.test_documents_blogs_calendar.TestCalendar" name="test_ics_feed_includes_newly_imported_events" time="0.100" /><testcase classname="backend.tests.test_documents_blogs_calendar.TestCalendar" name="test_import_docx_rejects_non_docx" time="0.115" /><testcase classname="backend.tests.test_documents_blogs_calendar.TestCalendar" name="test_cleanup_imported_events" time="0.248" /><testcase classname="backend.tests.test_documents_blogs_calendar.TestRegression" name="test_auth_me" time="0.099" /><testcase classname="backend.tests.test_documents_blogs_calendar.TestRegression" name="test_notifications_endpoint" time="0.124" /><testcase classname="backend.tests.test_documents_blogs_calendar.TestRegression" name="test_broadcast_dashboard_only" time="0.190" /><testcase classname="backend.tests.test_documents_blogs_calendar.TestRegression" name="test_enquiries_tracker" time="0.096" /><testcase classname="backend.tests.test_documents_blogs_calendar.TestRegression" name="test_events_list" time="0.105" /></testsuite></testsuites>