<?xml version="1.0" encoding="utf-8"?><testsuites name="pytest tests"><testsuite name="pytest" errors="0" failures="0" skipped="0" tests="13" time="2.476" timestamp="2026-07-14T15:02:22.985487+00:00" hostname="agent-env-f9e57c31-88d8-4001-970d-93531fa85a34"><testcase classname="backend.tests.test_pwa_push.TestStaticPwaAssets" name="test_manifest_returns_200_and_has_correct_fields" time="0.186" /><testcase classname="backend.tests.test_pwa_push.TestStaticPwaAssets" name="test_sw_js_returns_200" time="0.111" /><testcase classname="backend.tests.test_pwa_push.TestStaticPwaAssets" name="test_icon_192_returns_200" time="0.110" /><testcase classname="backend.tests.test_pwa_push.TestStaticPwaAssets" name="test_apple_touch_icon_returns_200" time="0.111" /><testcase classname="backend.tests.test_pwa_push.TestStaticPwaAssets" name="test_icon_512_returns_200" time="0.131" /><testcase classname="backend.tests.test_pwa_push.TestPushEndpoints" name="test_vapid_public_key_enabled" time="0.120" /><testcase classname="backend.tests.test_pwa_push.TestPushEndpoints" name="test_subscribe_requires_auth" time="0.187" /><testcase classname="backend.tests.test_pwa_push.TestPushEndpoints" name="test_subscribe_stores_subscription" time="0.509" /><testcase classname="backend.tests.test_pwa_push.TestPushEndpoints" name="test_subscribe_rejects_missing_endpoint" time="0.103" /><testcase classname="backend.tests.test_pwa_push.TestPushEndpoints" name="test_push_test_returns_sent_true" time="0.116" /><testcase classname="backend.tests.test_pwa_push.TestPushEndpoints" name="test_broadcast_does_not_error_with_unreachable_subscriber" time="0.478" /><testcase classname="backend.tests.test_pwa_push.TestPushEndpoints" name="test_unsubscribe_removes_subscription" time="0.112" /><testcase classname="backend.tests.test_pwa_push.TestUnreadCountEndpoint" name="test_unread_count_returns_int" time="0.131" /></testsuite></testsuites>