<?xml version="1.0" encoding="utf-8"?><testsuites name="pytest tests"><testsuite name="pytest" errors="0" failures="0" skipped="0" tests="123" time="113.108" timestamp="2026-07-14T15:02:30.315943+00:00" hostname="agent-env-f9e57c31-88d8-4001-970d-93531fa85a34"><testcase classname="backend.tests.test_attachments_and_buckets.TestAttachmentEndpoints" name="test_upload_returns_id_filename_size" time="0.608" /><testcase classname="backend.tests.test_attachments_and_buckets.TestAttachmentEndpoints" name="test_upload_requires_staff_auth" time="0.117" /><testcase classname="backend.tests.test_attachments_and_buckets.TestAttachmentEndpoints" name="test_public_download_returns_bytes_and_content_type" time="0.216" /><testcase classname="backend.tests.test_attachments_and_buckets.TestAttachmentEndpoints" name="test_download_404_for_unknown_id" time="0.108" /><testcase classname="backend.tests.test_attachments_and_buckets.TestAttachmentEndpoints" name="test_list_attachments_requires_staff" time="0.233" /><testcase classname="backend.tests.test_attachments_and_buckets.TestAttachmentEndpoints" name="test_delete_removes_attachment" time="0.514" /><testcase classname="backend.tests.test_attachments_and_buckets.TestJoiningEmailWithAttachment" name="test_send_joining_email_with_attachment" time="0.908" /><testcase classname="backend.tests.test_attachments_and_buckets.TestTimeAwareBuckets" name="test_upcoming_september_is_2026_09_01" time="0.000" /><testcase classname="backend.tests.test_attachments_and_buckets.TestTimeAwareBuckets" name="test_under_12_upcoming_september_lands_in_september" time="1.653" /><testcase classname="backend.tests.test_attachments_and_buckets.TestTimeAwareBuckets" name="test_under_12_later_september_stays_in_future" time="0.111" /><testcase classname="backend.tests.test_attachments_and_buckets.TestTimeAwareBuckets" name="test_yr8_and_13_plus_are_now" time="0.129" /><testcase classname="backend.tests.test_attachments_and_buckets.TestTimeAwareBuckets" name="test_counts_add_up" time="0.115" /><testcase classname="backend.tests.test_attachments_and_buckets.TestTimeAwareBuckets" name="test_tracker_recomputes_every_call" time="0.994" /><testcase classname="backend.tests.test_backend.TestRoot" name="test_api_root" time="0.222" /><testcase classname="backend.tests.test_backend.TestAuth" name="test_login_success" time="0.330" /><testcase classname="backend.tests.test_backend.TestAuth" name="test_login_invalid_password" time="0.335" /><testcase classname="backend.tests.test_backend.TestAuth" name="test_login_unknown_email" time="0.124" /><testcase classname="backend.tests.test_backend.TestAuth" name="test_me_requires_token" time="0.103" /><testcase classname="backend.tests.test_backend.TestAuth" name="test_me_with_token" time="0.442" /><testcase classname="backend.tests.test_backend.TestEnquiryCreate" name="test_create_enquiry_success" time="0.339" /><testcase classname="backend.tests.test_backend.TestEnquiryCreate" name="test_create_enquiry_consent_false_returns_400" time="0.151" /><testcase classname="backend.tests.test_backend.TestEnquiryCreate" name="test_create_enquiry_invalid_email_returns_422" time="0.106" /><testcase classname="backend.tests.test_backend.TestEnquiryCreate" name="test_create_enquiry_short_name_returns_422" time="0.128" /><testcase classname="backend.tests.test_backend.TestEnquiryAdmin" name="test_list_requires_auth" time="0.114" /><testcase classname="backend.tests.test_backend.TestEnquiryAdmin" name="test_list_with_auth" time="0.109" /><testcase classname="backend.tests.test_backend.TestEnquiryAdmin" name="test_full_crud_flow" time="1.132" /><testcase classname="backend.tests.test_backend.TestEnquiryAdmin" name="test_patch_requires_auth" time="0.100" /><testcase classname="backend.tests.test_backend.TestEnquiryAdmin" name="test_delete_requires_auth" time="0.723" /><testcase classname="backend.tests.test_documents_blogs_calendar.TestDocuments" name="test_login_admin" time="0.409" /><testcase classname="backend.tests.test_documents_blogs_calendar.TestDocuments" name="test_upload_document_visible_to_cadet" time="0.237" /><testcase classname="backend.tests.test_documents_blogs_calendar.TestDocuments" name="test_upload_document_visible_to_parent_only" time="0.121" /><testcase classname="backend.tests.test_documents_blogs_calendar.TestDocuments" name="test_upload_document_staff_only" time="0.108" /><testcase classname="backend.tests.test_documents_blogs_calendar.TestDocuments" name="test_library_for_cadet_includes_cadet_doc_only" time="0.448" /><testcase classname="backend.tests.test_documents_blogs_calendar.TestDocuments" name="test_library_for_parent_includes_parent_doc" time="0.450" /><testcase classname="backend.tests.test_documents_blogs_calendar.TestDocuments" name="test_download_public" time="0.125" /><testcase classname="backend.tests.test_documents_blogs_calendar.TestDocuments" name="test_patch_document_updates_roles" time="0.124" /><testcase classname="backend.tests.test_documents_blogs_calendar.TestDocuments" name="test_send_document_to_parents_creates_notifications" time="0.324" /><testcase classname="backend.tests.test_documents_blogs_calendar.TestDocuments" name="test_send_document_missing_recipients_returns_400" time="0.129" /><testcase classname="backend.tests.test_documents_blogs_calendar.TestDocuments" name="test_cadet_cannot_upload" time="0.116" /><testcase classname="backend.tests.test_documents_blogs_calendar.TestDocuments" name="test_delete_documents_cleanup" time="0.526" /><testcase classname="backend.tests.test_documents_blogs_calendar.TestBlogs" name="test_create_published_post" time="0.114" /><testcase classname="backend.tests.test_documents_blogs_calendar.TestBlogs" name="test_create_draft_post" time="0.130" /><testcase classname="backend.tests.test_documents_blogs_calendar.TestBlogs" name="test_public_list_hides_draft" time="0.112" /><testcase classname="backend.tests.test_documents_blogs_calendar.TestBlogs" name="test_public_detail_returns_published" time="0.133" /><testcase classname="backend.tests.test_documents_blogs_calendar.TestBlogs" name="test_public_detail_draft_returns_404" time="0.108" /><testcase classname="backend.tests.test_documents_blogs_calendar.TestBlogs" name="test_patch_publish_draft" time="0.102" /><testcase classname="backend.tests.test_documents_blogs_calendar.TestBlogs" name="test_cadet_cannot_create_blog" time="0.114" /><testcase classname="backend.tests.test_documents_blogs_calendar.TestBlogs" name="test_delete_blogs_cleanup" time="0.235" /><testcase classname="backend.tests.test_documents_blogs_calendar.TestCalendar" name="test_ics_feed_is_valid" time="0.116" /><testcase classname="backend.tests.test_documents_blogs_calendar.TestCalendar" name="test_import_docx_preview" time="0.446" /><testcase classname="backend.tests.test_documents_blogs_calendar.TestCalendar" name="test_import_events_bulk_create" time="0.246" /><testcase classname="backend.tests.test_documents_blogs_calendar.TestCalendar" name="test_ics_feed_includes_newly_imported_events" time="0.107" /><testcase classname="backend.tests.test_documents_blogs_calendar.TestCalendar" name="test_import_docx_rejects_non_docx" time="0.172" /><testcase classname="backend.tests.test_documents_blogs_calendar.TestCalendar" name="test_cleanup_imported_events" time="0.220" /><testcase classname="backend.tests.test_documents_blogs_calendar.TestRegression" name="test_auth_me" time="0.135" /><testcase classname="backend.tests.test_documents_blogs_calendar.TestRegression" name="test_notifications_endpoint" time="0.099" /><testcase classname="backend.tests.test_documents_blogs_calendar.TestRegression" name="test_broadcast_dashboard_only" time="0.432" /><testcase classname="backend.tests.test_documents_blogs_calendar.TestRegression" name="test_enquiries_tracker" time="0.107" /><testcase classname="backend.tests.test_documents_blogs_calendar.TestRegression" name="test_events_list" time="0.099" /><testcase classname="backend.tests.test_phase2.TestCadetEnquiryEligibility" name="test_enquiry_with_yr8_maps_to_now" time="69.257" /><testcase classname="backend.tests.test_phase2.TestCadetEnquiryEligibility" name="test_enquiry_with_13_plus_maps_to_now" time="0.447" /><testcase classname="backend.tests.test_phase2.TestCadetEnquiryEligibility" name="test_enquiry_with_yr7_maps_to_september_or_now" time="0.430" /><testcase classname="backend.tests.test_phase2.TestCadetEnquiryEligibility" name="test_enquiry_with_under_12_maps_to_future" time="0.440" /><testcase classname="backend.tests.test_phase2.TestCadetEnquiryEligibility" name="test_tracker_counts_match_buckets" time="0.101" /><testcase classname="backend.tests.test_phase2.TestCadetEnquiryEligibility" name="test_tracker_requires_staff" time="0.128" /><testcase classname="backend.tests.test_phase2.TestCadetEnquiryEligibility" name="test_non_cadet_enquiry_not_in_tracker" time="0.400" /><testcase classname="backend.tests.test_phase2.TestBroadcast" name="test_broadcast_requires_staff" time="0.100" /><testcase classname="backend.tests.test_phase2.TestBroadcast" name="test_broadcast_to_role_cadet" time="1.102" /><testcase classname="backend.tests.test_phase2.TestBroadcast" name="test_broadcast_parent_of_cadet" time="1.070" /><testcase classname="backend.tests.test_phase2.TestBroadcast" name="test_unread_count_and_read_all" time="0.395" /><testcase classname="backend.tests.test_phase2.TestNewsletters" name="test_newsletter_crud_preview_send" time="1.389" /><testcase classname="backend.tests.test_phase2.TestNewsletters" name="test_newsletters_require_staff" time="1.141" /><testcase classname="backend.tests.test_portal.TestAuth" name="test_login_each_role" time="1.349" /><testcase classname="backend.tests.test_portal.TestAuth" name="test_wrong_password_401" time="0.352" /><testcase classname="backend.tests.test_portal.TestAuth" name="test_me_each_role" time="0.473" /><testcase classname="backend.tests.test_portal.TestAuth" name="test_unauth_me" time="0.120" /><testcase classname="backend.tests.test_portal.TestRoleEnforcement" name="test_cadet_cannot_list_users" time="0.094" /><testcase classname="backend.tests.test_portal.TestRoleEnforcement" name="test_cadet_cannot_create_event" time="0.110" /><testcase classname="backend.tests.test_portal.TestRoleEnforcement" name="test_parent_cannot_create_notice" time="0.102" /><testcase classname="backend.tests.test_portal.TestRoleEnforcement" name="test_unauth_users" time="0.115" /><testcase classname="backend.tests.test_portal.TestRoleEnforcement" name="test_staff_cannot_use_cadet_bid" time="0.269" /><testcase classname="backend.tests.test_portal.TestNotices" name="test_pending_for_cadet_initially" time="0.118" /><testcase classname="backend.tests.test_portal.TestNotices" name="test_ack_clears_pending" time="0.228" /><testcase classname="backend.tests.test_portal.TestNotices" name="test_staff_create_and_delete_notice" time="0.441" /><testcase classname="backend.tests.test_portal.TestNotices" name="test_create_notice_invalid_roles_400" time="0.107" /><testcase classname="backend.tests.test_portal.TestUsersCRUD" name="test_list_users" time="0.127" /><testcase classname="backend.tests.test_portal.TestUsersCRUD" name="test_create_update_resetpw_delete" time="1.313" /><testcase classname="backend.tests.test_portal.TestUsersCRUD" name="test_cannot_delete_admin" time="0.245" /><testcase classname="backend.tests.test_portal.TestUsersCRUD" name="test_duplicate_email_400" time="0.108" /><testcase classname="backend.tests.test_portal.TestEvents" name="test_list_events_all_roles" time="0.462" /><testcase classname="backend.tests.test_portal.TestEvents" name="test_update_event" time="0.340" /><testcase classname="backend.tests.test_portal.TestEvents" name="test_cadet_bid_then_full_blocks_second_cadet" time="1.425" /><testcase classname="backend.tests.test_portal.TestEvents" name="test_attendance_awards_points" time="0.400" /><testcase classname="backend.tests.test_portal.TestEvents" name="test_get_event_returns_bidders_for_staff" time="0.122" /><testcase classname="backend.tests.test_portal.TestMessages" name="test_cadet_post_thread_staff_reply" time="0.522" /><testcase classname="backend.tests.test_portal.TestMessages" name="test_staff_cannot_use_member_thread" time="0.106" /><testcase classname="backend.tests.test_portal.TestChangePassword" name="test_wrong_current_rejected" time="0.343" /><testcase classname="backend.tests.test_portal.TestChangePassword" name="test_success_then_revert" time="2.886" /><testcase classname="backend.tests.test_pwa_push.TestStaticPwaAssets" name="test_manifest_returns_200_and_has_correct_fields" time="0.105" /><testcase classname="backend.tests.test_pwa_push.TestStaticPwaAssets" name="test_sw_js_returns_200" time="0.097" /><testcase classname="backend.tests.test_pwa_push.TestStaticPwaAssets" name="test_icon_192_returns_200" time="0.111" /><testcase classname="backend.tests.test_pwa_push.TestStaticPwaAssets" name="test_apple_touch_icon_returns_200" time="0.101" /><testcase classname="backend.tests.test_pwa_push.TestStaticPwaAssets" name="test_icon_512_returns_200" time="0.130" /><testcase classname="backend.tests.test_pwa_push.TestPushEndpoints" name="test_vapid_public_key_enabled" time="0.098" /><testcase classname="backend.tests.test_pwa_push.TestPushEndpoints" name="test_subscribe_requires_auth" time="0.152" /><testcase classname="backend.tests.test_pwa_push.TestPushEndpoints" name="test_subscribe_stores_subscription" time="0.447" /><testcase classname="backend.tests.test_pwa_push.TestPushEndpoints" name="test_subscribe_rejects_missing_endpoint" time="0.107" /><testcase classname="backend.tests.test_pwa_push.TestPushEndpoints" name="test_push_test_returns_sent_true" time="0.117" /><testcase classname="backend.tests.test_pwa_push.TestPushEndpoints" name="test_broadcast_does_not_error_with_unreachable_subscriber" time="0.479" /><testcase classname="backend.tests.test_pwa_push.TestPushEndpoints" name="test_unsubscribe_removes_subscription" time="0.103" /><testcase classname="backend.tests.test_pwa_push.TestUnreadCountEndpoint" name="test_unread_count_returns_int" time="0.107" /><testcase classname="backend.tests.test_recruit_email.TestTracker" name="test_tracker_returns_buckets_with_eligible_date" time="1.697" /><testcase classname="backend.tests.test_recruit_email.TestPerProspectEmail" name="test_joining_email_now_bucket" time="0.425" /><testcase classname="backend.tests.test_recruit_email.TestPerProspectEmail" name="test_countdown_email_september_bucket" time="0.376" /><testcase classname="backend.tests.test_recruit_email.TestPerProspectEmail" name="test_countdown_email_future_bucket_with_dob" time="0.284" /><testcase classname="backend.tests.test_recruit_email.TestPerProspectEmail" name="test_countdown_no_dob_returns_400" time="0.098" /><testcase classname="backend.tests.test_recruit_email.TestPerProspectEmail" name="test_recruit_email_requires_staff" time="0.118" /><testcase classname="backend.tests.test_recruit_email.TestPerProspectEmail" name="test_recruit_email_unknown_enquiry_404" time="0.101" /><testcase classname="backend.tests.test_recruit_email.TestBulkEmail" name="test_bulk_joining_now" time="0.592" /><testcase classname="backend.tests.test_recruit_email.TestBulkEmail" name="test_bulk_countdown_september" time="0.757" /><testcase classname="backend.tests.test_recruit_email.TestBulkEmail" name="test_bulk_countdown_future_skips_no_dob" time="0.373" /><testcase classname="backend.tests.test_recruit_email.TestBulkEmail" name="test_bulk_invalid_bucket_400" time="0.100" /><testcase classname="backend.tests.test_recruit_email.TestBulkEmail" name="test_bulk_requires_staff" time="0.695" /></testsuite></testsuites>