<?xml version="1.0" encoding="utf-8"?><testsuites name="pytest tests"><testsuite name="pytest" errors="0" failures="0" skipped="0" tests="13" time="9.354" timestamp="2026-07-14T09:38:39.625413+00:00" hostname="agent-env-f9e57c31-88d8-4001-970d-93531fa85a34"><testcase classname="backend.tests.test_phase2.TestCadetEnquiryEligibility" name="test_enquiry_with_yr8_maps_to_now" time="1.186" /><testcase classname="backend.tests.test_phase2.TestCadetEnquiryEligibility" name="test_enquiry_with_13_plus_maps_to_now" time="0.605" /><testcase classname="backend.tests.test_phase2.TestCadetEnquiryEligibility" name="test_enquiry_with_yr7_maps_to_september_or_now" time="0.535" /><testcase classname="backend.tests.test_phase2.TestCadetEnquiryEligibility" name="test_enquiry_with_under_12_maps_to_future" time="0.496" /><testcase classname="backend.tests.test_phase2.TestCadetEnquiryEligibility" name="test_tracker_counts_match_buckets" time="0.132" /><testcase classname="backend.tests.test_phase2.TestCadetEnquiryEligibility" name="test_tracker_requires_staff" time="0.131" /><testcase classname="backend.tests.test_phase2.TestCadetEnquiryEligibility" name="test_non_cadet_enquiry_not_in_tracker" time="0.566" /><testcase classname="backend.tests.test_phase2.TestBroadcast" name="test_broadcast_requires_staff" time="0.129" /><testcase classname="backend.tests.test_phase2.TestBroadcast" name="test_broadcast_to_role_cadet" time="1.120" /><testcase classname="backend.tests.test_phase2.TestBroadcast" name="test_broadcast_parent_of_cadet" time="1.194" /><testcase classname="backend.tests.test_phase2.TestBroadcast" name="test_unread_count_and_read_all" time="0.413" /><testcase classname="backend.tests.test_phase2.TestNewsletters" name="test_newsletter_crud_preview_send" time="1.425" /><testcase classname="backend.tests.test_phase2.TestNewsletters" name="test_newsletters_require_staff" time="1.307" /></testsuite></testsuites>