<?xml version="1.0" encoding="utf-8"?><testsuites name="pytest tests"><testsuite name="pytest" errors="0" failures="1" skipped="0" tests="26" time="11.888" timestamp="2026-06-19T17:21:32.813406+00:00" hostname="agent-env-f9e57c31-88d8-4001-970d-93531fa85a34"><testcase classname="backend.tests.test_portal.TestAuth" name="test_login_each_role" time="1.574" /><testcase classname="backend.tests.test_portal.TestAuth" name="test_wrong_password_401" time="0.324" /><testcase classname="backend.tests.test_portal.TestAuth" name="test_me_each_role" time="0.481" /><testcase classname="backend.tests.test_portal.TestAuth" name="test_unauth_me" time="0.097" /><testcase classname="backend.tests.test_portal.TestRoleEnforcement" name="test_cadet_cannot_list_users" time="0.132" /><testcase classname="backend.tests.test_portal.TestRoleEnforcement" name="test_cadet_cannot_create_event" time="0.114" /><testcase classname="backend.tests.test_portal.TestRoleEnforcement" name="test_parent_cannot_create_notice" time="0.094" /><testcase classname="backend.tests.test_portal.TestRoleEnforcement" name="test_unauth_users" time="0.211" /><testcase classname="backend.tests.test_portal.TestRoleEnforcement" name="test_staff_cannot_use_cadet_bid" time="0.237" /><testcase classname="backend.tests.test_portal.TestNotices" name="test_pending_for_cadet_initially" time="0.100" /><testcase classname="backend.tests.test_portal.TestNotices" name="test_ack_clears_pending" time="0.288" /><testcase classname="backend.tests.test_portal.TestNotices" name="test_staff_create_and_delete_notice" time="0.401" /><testcase classname="backend.tests.test_portal.TestNotices" name="test_create_notice_invalid_roles_400" time="0.116"><failure message="assert 422 == 400&#10; +  where 422 = &lt;Response [422]&gt;.status_code">backend/tests/test_portal.py:131: in test_create_notice_invalid_roles_400
    assert r.status_code == 400
E   assert 422 == 400
E    +  where 422 = &lt;Response [422]&gt;.status_code</failure></testcase><testcase classname="backend.tests.test_portal.TestUsersCRUD" name="test_list_users" time="0.097" /><testcase classname="backend.tests.test_portal.TestUsersCRUD" name="test_create_update_resetpw_delete" time="1.285" /><testcase classname="backend.tests.test_portal.TestUsersCRUD" name="test_cannot_delete_admin" time="0.192" /><testcase classname="backend.tests.test_portal.TestUsersCRUD" name="test_duplicate_email_400" time="0.089" /><testcase classname="backend.tests.test_portal.TestEvents" name="test_list_events_all_roles" time="0.393" /><testcase classname="backend.tests.test_portal.TestEvents" name="test_update_event" time="0.369" /><testcase classname="backend.tests.test_portal.TestEvents" name="test_cadet_bid_then_full_blocks_second_cadet" time="1.153" /><testcase classname="backend.tests.test_portal.TestEvents" name="test_attendance_awards_points" time="0.308" /><testcase classname="backend.tests.test_portal.TestEvents" name="test_get_event_returns_bidders_for_staff" time="0.111" /><testcase classname="backend.tests.test_portal.TestMessages" name="test_cadet_post_thread_staff_reply" time="0.403" /><testcase classname="backend.tests.test_portal.TestMessages" name="test_staff_cannot_use_member_thread" time="0.120" /><testcase classname="backend.tests.test_portal.TestChangePassword" name="test_wrong_current_rejected" time="0.319" /><testcase classname="backend.tests.test_portal.TestChangePassword" name="test_success_then_revert" time="2.788" /></testsuite></testsuites>