<?xml version="1.0" encoding="utf-8"?><testsuites name="pytest tests"><testsuite name="pytest" errors="0" failures="0" skipped="0" tests="13" time="6.755" timestamp="2026-07-14T10:34:59.020658+00:00" hostname="agent-env-f9e57c31-88d8-4001-970d-93531fa85a34"><testcase classname="backend.tests.test_attachments_and_buckets.TestAttachmentEndpoints" name="test_upload_returns_id_filename_size" time="0.794" /><testcase classname="backend.tests.test_attachments_and_buckets.TestAttachmentEndpoints" name="test_upload_requires_staff_auth" time="0.149" /><testcase classname="backend.tests.test_attachments_and_buckets.TestAttachmentEndpoints" name="test_public_download_returns_bytes_and_content_type" time="0.295" /><testcase classname="backend.tests.test_attachments_and_buckets.TestAttachmentEndpoints" name="test_download_404_for_unknown_id" time="0.176" /><testcase classname="backend.tests.test_attachments_and_buckets.TestAttachmentEndpoints" name="test_list_attachments_requires_staff" time="0.287" /><testcase classname="backend.tests.test_attachments_and_buckets.TestAttachmentEndpoints" name="test_delete_removes_attachment" time="0.473" /><testcase classname="backend.tests.test_attachments_and_buckets.TestJoiningEmailWithAttachment" name="test_send_joining_email_with_attachment" time="1.146" /><testcase classname="backend.tests.test_attachments_and_buckets.TestTimeAwareBuckets" name="test_upcoming_september_is_2026_09_01" time="0.000" /><testcase classname="backend.tests.test_attachments_and_buckets.TestTimeAwareBuckets" name="test_under_12_upcoming_september_lands_in_september" time="1.771" /><testcase classname="backend.tests.test_attachments_and_buckets.TestTimeAwareBuckets" name="test_under_12_later_september_stays_in_future" time="0.200" /><testcase classname="backend.tests.test_attachments_and_buckets.TestTimeAwareBuckets" name="test_yr8_and_13_plus_are_now" time="0.136" /><testcase classname="backend.tests.test_attachments_and_buckets.TestTimeAwareBuckets" name="test_counts_add_up" time="0.152" /><testcase classname="backend.tests.test_attachments_and_buckets.TestTimeAwareBuckets" name="test_tracker_recomputes_every_call" time="1.087" /></testsuite></testsuites>