<?xml version="1.0" encoding="utf-8"?><testsuites name="pytest tests"><testsuite name="pytest" errors="0" failures="0" skipped="0" tests="16" time="4.267" timestamp="2026-06-18T22:56:22.429281+00:00" hostname="agent-env-f9e57c31-88d8-4001-970d-93531fa85a34"><testcase classname="backend.tests.test_backend.TestRoot" name="test_api_root" time="0.256" /><testcase classname="backend.tests.test_backend.TestAuth" name="test_login_success" time="0.361" /><testcase classname="backend.tests.test_backend.TestAuth" name="test_login_invalid_password" time="0.354" /><testcase classname="backend.tests.test_backend.TestAuth" name="test_login_unknown_email" time="0.160" /><testcase classname="backend.tests.test_backend.TestAuth" name="test_me_requires_token" time="0.123" /><testcase classname="backend.tests.test_backend.TestAuth" name="test_me_with_token" time="0.451" /><testcase classname="backend.tests.test_backend.TestEnquiryCreate" name="test_create_enquiry_success" time="0.109" /><testcase classname="backend.tests.test_backend.TestEnquiryCreate" name="test_create_enquiry_consent_false_returns_400" time="0.154" /><testcase classname="backend.tests.test_backend.TestEnquiryCreate" name="test_create_enquiry_invalid_email_returns_422" time="0.102" /><testcase classname="backend.tests.test_backend.TestEnquiryCreate" name="test_create_enquiry_short_name_returns_422" time="0.109" /><testcase classname="backend.tests.test_backend.TestEnquiryAdmin" name="test_list_requires_auth" time="0.133" /><testcase classname="backend.tests.test_backend.TestEnquiryAdmin" name="test_list_with_auth" time="0.132" /><testcase classname="backend.tests.test_backend.TestEnquiryAdmin" name="test_stats_with_auth" time="0.099" /><testcase classname="backend.tests.test_backend.TestEnquiryAdmin" name="test_full_crud_flow" time="0.828" /><testcase classname="backend.tests.test_backend.TestEnquiryAdmin" name="test_patch_requires_auth" time="0.103" /><testcase classname="backend.tests.test_backend.TestEnquiryAdmin" name="test_delete_requires_auth" time="0.714" /></testsuite></testsuites>