<?xml version="1.0" encoding="utf-8"?><testsuites name="pytest tests"><testsuite name="pytest" errors="0" failures="2" skipped="0" tests="80" time="126.312" timestamp="2026-07-14T10:36:31.636000+00:00" hostname="agent-env-f9e57c31-88d8-4001-970d-93531fa85a34"><testcase classname="backend.tests.test_attachments_and_buckets.TestAttachmentEndpoints" name="test_upload_returns_id_filename_size" time="0.737" /><testcase classname="backend.tests.test_attachments_and_buckets.TestAttachmentEndpoints" name="test_upload_requires_staff_auth" time="0.140" /><testcase classname="backend.tests.test_attachments_and_buckets.TestAttachmentEndpoints" name="test_public_download_returns_bytes_and_content_type" time="0.292" /><testcase classname="backend.tests.test_attachments_and_buckets.TestAttachmentEndpoints" name="test_download_404_for_unknown_id" time="0.131" /><testcase classname="backend.tests.test_attachments_and_buckets.TestAttachmentEndpoints" name="test_list_attachments_requires_staff" time="0.261" /><testcase classname="backend.tests.test_attachments_and_buckets.TestAttachmentEndpoints" name="test_delete_removes_attachment" time="0.417" /><testcase classname="backend.tests.test_attachments_and_buckets.TestJoiningEmailWithAttachment" name="test_send_joining_email_with_attachment" time="0.825" /><testcase classname="backend.tests.test_attachments_and_buckets.TestTimeAwareBuckets" name="test_upcoming_september_is_2026_09_01" time="0.000" /><testcase classname="backend.tests.test_attachments_and_buckets.TestTimeAwareBuckets" name="test_under_12_upcoming_september_lands_in_september" time="1.722" /><testcase classname="backend.tests.test_attachments_and_buckets.TestTimeAwareBuckets" name="test_under_12_later_september_stays_in_future" time="0.134" /><testcase classname="backend.tests.test_attachments_and_buckets.TestTimeAwareBuckets" name="test_yr8_and_13_plus_are_now" time="0.137" /><testcase classname="backend.tests.test_attachments_and_buckets.TestTimeAwareBuckets" name="test_counts_add_up" time="0.134" /><testcase classname="backend.tests.test_attachments_and_buckets.TestTimeAwareBuckets" name="test_tracker_recomputes_every_call" time="1.119" /><testcase classname="backend.tests.test_backend.TestRoot" name="test_api_root" time="0.135" /><testcase classname="backend.tests.test_backend.TestAuth" name="test_login_success" time="0.364" /><testcase classname="backend.tests.test_backend.TestAuth" name="test_login_invalid_password" time="0.350" /><testcase classname="backend.tests.test_backend.TestAuth" name="test_login_unknown_email" time="0.130" /><testcase classname="backend.tests.test_backend.TestAuth" name="test_me_requires_token" time="0.129" /><testcase classname="backend.tests.test_backend.TestAuth" name="test_me_with_token" time="0.494" /><testcase classname="backend.tests.test_backend.TestEnquiryCreate" name="test_create_enquiry_success" time="0.356" /><testcase classname="backend.tests.test_backend.TestEnquiryCreate" name="test_create_enquiry_consent_false_returns_400" time="0.142" /><testcase classname="backend.tests.test_backend.TestEnquiryCreate" name="test_create_enquiry_invalid_email_returns_422" time="0.141" /><testcase classname="backend.tests.test_backend.TestEnquiryCreate" name="test_create_enquiry_short_name_returns_422" time="0.132" /><testcase classname="backend.tests.test_backend.TestEnquiryAdmin" name="test_list_requires_auth" time="0.131" /><testcase classname="backend.tests.test_backend.TestEnquiryAdmin" name="test_list_with_auth" time="0.139" /><testcase classname="backend.tests.test_backend.TestEnquiryAdmin" name="test_stats_with_auth" time="0.129"><failure message="assert 405 == 200&#10; +  where 405 = &lt;Response [405]&gt;.status_code">backend/tests/test_backend.py:139: in test_stats_with_auth
    assert r.status_code == 200
E   assert 405 == 200
E    +  where 405 = &lt;Response [405]&gt;.status_code</failure></testcase><testcase classname="backend.tests.test_backend.TestEnquiryAdmin" name="test_full_crud_flow" time="1.140" /><testcase classname="backend.tests.test_backend.TestEnquiryAdmin" name="test_patch_requires_auth" time="0.146" /><testcase classname="backend.tests.test_backend.TestEnquiryAdmin" name="test_delete_requires_auth" time="0.789" /><testcase classname="backend.tests.test_phase2.TestCadetEnquiryEligibility" name="test_enquiry_with_yr8_maps_to_now" time="0.827" /><testcase classname="backend.tests.test_phase2.TestCadetEnquiryEligibility" name="test_enquiry_with_13_plus_maps_to_now" time="0.373" /><testcase classname="backend.tests.test_phase2.TestCadetEnquiryEligibility" name="test_enquiry_with_yr7_maps_to_september_or_now" time="0.376" /><testcase classname="backend.tests.test_phase2.TestCadetEnquiryEligibility" name="test_enquiry_with_under_12_maps_to_future" time="0.405"><failure message="assert False&#10; +  where False = any(&lt;generator object TestCadetEnquiryEligibility.test_enquiry_with_under_12_maps_to_future.&lt;locals&gt;.&lt;genexpr&gt; at 0xfa74e827d380&gt;)">backend/tests/test_phase2.py:110: in test_enquiry_with_under_12_maps_to_future
    assert any(e["id"] == eid for e in r.json()["buckets"]["future"])
E   assert False
E    +  where False = any(&lt;generator object TestCadetEnquiryEligibility.test_enquiry_with_under_12_maps_to_future.&lt;locals&gt;.&lt;genexpr&gt; at 0xfa74e827d380&gt;)</failure></testcase><testcase classname="backend.tests.test_phase2.TestCadetEnquiryEligibility" name="test_tracker_counts_match_buckets" time="0.105" /><testcase classname="backend.tests.test_phase2.TestCadetEnquiryEligibility" name="test_tracker_requires_staff" time="0.103" /><testcase classname="backend.tests.test_phase2.TestCadetEnquiryEligibility" name="test_non_cadet_enquiry_not_in_tracker" time="0.387" /><testcase classname="backend.tests.test_phase2.TestBroadcast" name="test_broadcast_requires_staff" time="0.094" /><testcase classname="backend.tests.test_phase2.TestBroadcast" name="test_broadcast_to_role_cadet" time="1.012" /><testcase classname="backend.tests.test_phase2.TestBroadcast" name="test_broadcast_parent_of_cadet" time="1.099" /><testcase classname="backend.tests.test_phase2.TestBroadcast" name="test_unread_count_and_read_all" time="0.302" /><testcase classname="backend.tests.test_phase2.TestNewsletters" name="test_newsletter_crud_preview_send" time="1.201" /><testcase classname="backend.tests.test_phase2.TestNewsletters" name="test_newsletters_require_staff" time="1.012" /><testcase classname="backend.tests.test_portal.TestAuth" name="test_login_each_role" time="1.304" /><testcase classname="backend.tests.test_portal.TestAuth" name="test_wrong_password_401" time="0.324" /><testcase classname="backend.tests.test_portal.TestAuth" name="test_me_each_role" time="0.395" /><testcase classname="backend.tests.test_portal.TestAuth" name="test_unauth_me" time="0.096" /><testcase classname="backend.tests.test_portal.TestRoleEnforcement" name="test_cadet_cannot_list_users" time="0.094" /><testcase classname="backend.tests.test_portal.TestRoleEnforcement" name="test_cadet_cannot_create_event" time="0.097" /><testcase classname="backend.tests.test_portal.TestRoleEnforcement" name="test_parent_cannot_create_notice" time="0.097" /><testcase classname="backend.tests.test_portal.TestRoleEnforcement" name="test_unauth_users" time="0.121" /><testcase classname="backend.tests.test_portal.TestRoleEnforcement" name="test_staff_cannot_use_cadet_bid" time="0.202" /><testcase classname="backend.tests.test_portal.TestNotices" name="test_pending_for_cadet_initially" time="0.097" /><testcase classname="backend.tests.test_portal.TestNotices" name="test_ack_clears_pending" time="0.197" /><testcase classname="backend.tests.test_portal.TestNotices" name="test_staff_create_and_delete_notice" time="0.428" /><testcase classname="backend.tests.test_portal.TestNotices" name="test_create_notice_invalid_roles_400" time="20.543" /><testcase classname="backend.tests.test_portal.TestUsersCRUD" name="test_list_users" time="68.626" /><testcase classname="backend.tests.test_portal.TestUsersCRUD" name="test_create_update_resetpw_delete" time="1.447" /><testcase classname="backend.tests.test_portal.TestUsersCRUD" name="test_cannot_delete_admin" time="0.266" /><testcase classname="backend.tests.test_portal.TestUsersCRUD" name="test_duplicate_email_400" time="0.138" /><testcase classname="backend.tests.test_portal.TestEvents" name="test_list_events_all_roles" time="0.533" /><testcase classname="backend.tests.test_portal.TestEvents" name="test_update_event" time="0.401" /><testcase classname="backend.tests.test_portal.TestEvents" name="test_cadet_bid_then_full_blocks_second_cadet" time="1.398" /><testcase classname="backend.tests.test_portal.TestEvents" name="test_attendance_awards_points" time="0.397" /><testcase classname="backend.tests.test_portal.TestEvents" name="test_get_event_returns_bidders_for_staff" time="0.130" /><testcase classname="backend.tests.test_portal.TestMessages" name="test_cadet_post_thread_staff_reply" time="0.620" /><testcase classname="backend.tests.test_portal.TestMessages" name="test_staff_cannot_use_member_thread" time="0.134" /><testcase classname="backend.tests.test_portal.TestChangePassword" name="test_wrong_current_rejected" time="0.363" /><testcase classname="backend.tests.test_portal.TestChangePassword" name="test_success_then_revert" time="3.229" /><testcase classname="backend.tests.test_recruit_email.TestTracker" name="test_tracker_returns_buckets_with_eligible_date" time="1.925" /><testcase classname="backend.tests.test_recruit_email.TestPerProspectEmail" name="test_joining_email_now_bucket" time="0.433" /><testcase classname="backend.tests.test_recruit_email.TestPerProspectEmail" name="test_countdown_email_september_bucket" time="0.419" /><testcase classname="backend.tests.test_recruit_email.TestPerProspectEmail" name="test_countdown_email_future_bucket_with_dob" time="0.317" /><testcase classname="backend.tests.test_recruit_email.TestPerProspectEmail" name="test_countdown_no_dob_returns_400" time="0.141" /><testcase classname="backend.tests.test_recruit_email.TestPerProspectEmail" name="test_recruit_email_requires_staff" time="0.128" /><testcase classname="backend.tests.test_recruit_email.TestPerProspectEmail" name="test_recruit_email_unknown_enquiry_404" time="0.133" /><testcase classname="backend.tests.test_recruit_email.TestBulkEmail" name="test_bulk_joining_now" time="0.495" /><testcase classname="backend.tests.test_recruit_email.TestBulkEmail" name="test_bulk_countdown_september" time="1.028" /><testcase classname="backend.tests.test_recruit_email.TestBulkEmail" name="test_bulk_countdown_future_skips_no_dob" time="0.300" /><testcase classname="backend.tests.test_recruit_email.TestBulkEmail" name="test_bulk_invalid_bucket_400" time="0.139" /><testcase classname="backend.tests.test_recruit_email.TestBulkEmail" name="test_bulk_requires_staff" time="0.825" /></testsuite></testsuites>